<?xml version="1.0" encoding="utf-8"?>
<shfbBuild product="Sandcastle Help File Builder and Tools" version="2020.3.6.0" projectFile="C:\Actividades\Secure_Core_Project\ComponentesDeDatosDocumentation\ComponentesDeDatosDocumentation.shfbproj" started="09/12/2025 16:32:53">
<buildStep step="Initializing">
Finding tools...
The Sandcastle tools are located in &#39;C:\Program Files (x86)\EWSoftware\Sandcastle Help File Builder\&#39;
Searching for HTML Help 1 compiler...
Found HTML Help 1 compiler in &#39;C:\Program Files (x86)\HTML Help Workshop\&#39;
Locating components in the following folder(s):
    C:\Actividades\Secure_Core_Project\ComponentesDeDatosDocumentation
    C:\ProgramData\EWSoftware\Sandcastle Help File Builder\Components and Plug-Ins\
    C:\Program Files (x86)\EWSoftware\Sandcastle Help File Builder\
Using framework reflection data for &#39;.NET Framework 4.7.2&#39; located in &#39;C:\Program Files (x86)\EWSoftware\Sandcastle Help File Builder\Data\.NETFramework&#39;
Using presentation style &#39;VS2013&#39; located in &#39;C:\Program Files (x86)\EWSoftware\Sandcastle Help File Builder\PresentationStyles\VS2013&#39;
Loading and initializing plug-ins...
Lightweight Website Style Version 2020.3.6.0
Copyright &#169; 2006-2020, Eric Woodruff, All Rights Reserved
Portions Copyright &#169; 2014, Sam Harwell, All Rights Reserved
</buildStep>
<buildStep step="ValidatingDocumentationSources">
Validating and copying documentation source information
Source: C:\Actividades\Secure_Core_Project\App\ComponentesDeAcceso.dll
    Found assembly &#39;C:\Actividades\Secure_Core_Project\App\ComponentesDeAcceso.dll&#39;
Source: C:\Actividades\Secure_Core_Project\App\ComponentesDeAcceso.xml

Copying XML comments files
    C:\Actividades\Secure_Core_Project\App\ComponentesDeAcceso.xml -&gt; C:\Actividades\Secure_Core_Project\ComponentesDeDatosDocumentation\Help\Working\ComponentesDeAcceso.xml
</buildStep>
<buildStep step="GenerateSharedContent">
Generating shared content files (en-US, Ingl&#233;s (Estados Unidos))...
<plugIn name="Lightweight Website Style" behavior="After" priority="1000">
</plugIn>    Last step completed in 00:00:00,0140
</buildStep>
<buildStep step="GenerateApiFilter">
Generating API filter for MRefBuilder...
    Last step completed in 00:00:00,0010
</buildStep>
<buildStep step="GenerateReflectionInfo">
Generating reflection information...
[C:\Program Files (x86)\Microsoft Visual Studio\2019\Community\MSBuild\Current\Bin\MSBuild.exe - GenerateRefInfo.proj]
Compilaci&#162;n iniciada a las 09/12/2025 16:32:55.
Proyecto &quot;C:\Actividades\Secure_Core_Project\ComponentesDeDatosDocumentation\Help\Working\GenerateRefInfo.proj&quot; en nodo 1 (destinos predeterminados).
PrepareForBuild:
  Creando directorio &quot;obj\Debug\&quot;.
GenerateBindingRedirects:
  No hay redirecciones de enlace sugeridas procedentes de ResolveAssemblyReferences.
GenerateRefInfo:
  MRefBuilder (v2020.3.6.0)
  Copyright &#184; 2006-2020, Microsoft Corporation, All Rights Reserved.
  Portions Copyright &#184; 2006-2020, Eric Woodruff, All Rights Reserved.
  No source code context base path specified.  Source context information is unavailable.
  Loaded 1 assemblies for reflection and 1 dependency assemblies.
  Wrote information on 1 namespaces, 1 types, and 9 members
  Copiando el archivo de &quot;C:\Actividades\Secure_Core_Project\ComponentesDeDatosDocumentation\Help\Working\reflection.org&quot; en &quot;C:\Actividades\Secure_Core_Project\ComponentesDeDatosDocumentation\Help\Working\reflection.all&quot;.
  XslTransform (v2020.3.6.0)
  Copyright &#184; 2006-2020, Microsoft Corporation, All Rights Reserved.
  Portions Copyright &#184; 2006-2020, Eric Woodruff, All Rights Reserved.
  Applying XSL transformation &#39;C:\Program Files (x86)\EWSoftware\Sandcastle Help File Builder\ProductionTransforms\MergeDuplicates.xsl&#39;.
Compilaci&#162;n del proyecto terminada &quot;C:\Actividades\Secure_Core_Project\ComponentesDeDatosDocumentation\Help\Working\GenerateRefInfo.proj&quot; (destinos predeterminados).
    Last step completed in 00:00:01,5243
</buildStep>
<buildStep step="TransformReflectionInfo">
Transforming reflection output...
[C:\Program Files (x86)\Microsoft Visual Studio\2019\Community\MSBuild\Current\Bin\MSBuild.exe - TransformManifest.proj]
Compilaci&#162;n iniciada a las 09/12/2025 16:32:57.
Proyecto &quot;C:\Actividades\Secure_Core_Project\ComponentesDeDatosDocumentation\Help\Working\TransformManifest.proj&quot; en nodo 1 (destinos predeterminados).
TransformManifest:
  XslTransform (v2020.3.6.0)
  Copyright &#184; 2006-2020, Microsoft Corporation, All Rights Reserved.
  Portions Copyright &#184; 2006-2020, Eric Woodruff, All Rights Reserved.
  Applying XSL transformation &#39;C:\Program Files (x86)\EWSoftware\Sandcastle Help File Builder\\ProductionTransforms\ApplyVSDocModel.xsl&#39;.
  Copiando el archivo de &quot;C:\Actividades\Secure_Core_Project\ComponentesDeDatosDocumentation\Help\Working\reflection.xml&quot; en &quot;C:\Actividades\Secure_Core_Project\ComponentesDeDatosDocumentation\Help\Working\reflection.nofilenames&quot;.
  XslTransform (v2020.3.6.0)
  Copyright &#184; 2006-2020, Microsoft Corporation, All Rights Reserved.
  Portions Copyright &#184; 2006-2020, Eric Woodruff, All Rights Reserved.
  Applying XSL transformation &#39;C:\Program Files (x86)\EWSoftware\Sandcastle Help File Builder\ProductionTransforms\AddFilenames.xsl&#39;.
  XslTransform (v2020.3.6.0)
  Copyright &#184; 2006-2020, Microsoft Corporation, All Rights Reserved.
  Portions Copyright &#184; 2006-2020, Eric Woodruff, All Rights Reserved.
  Applying XSL transformation &#39;C:\Program Files (x86)\EWSoftware\Sandcastle Help File Builder\ProductionTransforms\ReflectionToManifest.xsl&#39;.
Compilaci&#162;n del proyecto terminada &quot;C:\Actividades\Secure_Core_Project\ComponentesDeDatosDocumentation\Help\Working\TransformManifest.proj&quot; (destinos predeterminados).
    Last step completed in 00:00:01,3199
</buildStep>
<buildStep step="GenerateNamespaceSummaries">
Generating namespace summary information...
    Last step completed in 00:00:00,0025
</buildStep>
<buildStep step="CopyConceptualContent">
Copying conceptual content...
Copying standard token shared content file...
Checking for other token files...
Checking for code snippets files...
Copying images and creating the media map file...
Generating conceptual topic files
    Parsing topic file &#39;C:\Actividades\Secure_Core_Project\ComponentesDeDatosDocumentation\Content\Welcome.aml&#39;
    C:\Actividades\Secure_Core_Project\ComponentesDeDatosDocumentation\Content\Welcome.aml -&gt; C:\Actividades\Secure_Core_Project\ComponentesDeDatosDocumentation\Help\Working\ddueXml\6dca9754-d40e-40be-8a6d-2752f3d58f99.xml
    Parsing topic file &#39;C:\Actividades\Secure_Core_Project\ComponentesDeDatosDocumentation\Content\VersionHistory\VersionHistory.aml&#39;
    C:\Actividades\Secure_Core_Project\ComponentesDeDatosDocumentation\Content\VersionHistory\VersionHistory.aml -&gt; C:\Actividades\Secure_Core_Project\ComponentesDeDatosDocumentation\Help\Working\ddueXml\1d280640-44a6-4b9b-a6f3-629515140941.xml
    Parsing topic file &#39;C:\Actividades\Secure_Core_Project\ComponentesDeDatosDocumentation\Content\VersionHistory\v1.0.0.0.aml&#39;
    C:\Actividades\Secure_Core_Project\ComponentesDeDatosDocumentation\Content\VersionHistory\v1.0.0.0.aml -&gt; C:\Actividades\Secure_Core_Project\ComponentesDeDatosDocumentation\Help\Working\ddueXml\67887f50-2e66-4ffc-90c9-c0163cde6c55.xml
    Last step completed in 00:00:00,0889
</buildStep>
<buildStep step="CreateConceptualTopicConfigs">
Creating conceptual topic configuration files...
    Companion files
    _ContentMetadata_.xml
    Merging topic IDs into manifest.xml
    Last step completed in 00:00:00,0097
</buildStep>
<buildStep step="CopyAdditionalContent">
Copying additional content files...
C:\Actividades\Secure_Core_Project\ComponentesDeDatosDocumentation\icons\Help.png -&gt; C:\Actividades\Secure_Core_Project\ComponentesDeDatosDocumentation\Help\Working\Output\HtmlHelp1\icons\Help.png
    Last step completed in 00:00:00,0040
</buildStep>
<buildStep step="MergeTablesOfContents">
Merging conceptual and additional tables of contents...
    Last step completed in 00:00:00,0000
</buildStep>
<buildStep step="GenerateIntermediateTableOfContents">
Generating intermediate table of contents file...
[C:\Program Files (x86)\Microsoft Visual Studio\2019\Community\MSBuild\Current\Bin\MSBuild.exe - GenerateIntermediateTOC.proj]
Compilaci&#162;n iniciada a las 09/12/2025 16:32:58.
Proyecto &quot;C:\Actividades\Secure_Core_Project\ComponentesDeDatosDocumentation\Help\Working\GenerateIntermediateTOC.proj&quot; en nodo 1 (destinos predeterminados).
GenerateIntermediateTOC:
  XslTransform (v2020.3.6.0)
  Copyright &#184; 2006-2020, Microsoft Corporation, All Rights Reserved.
  Portions Copyright &#184; 2006-2020, Eric Woodruff, All Rights Reserved.
  Applying XSL transformation &#39;C:\Program Files (x86)\EWSoftware\Sandcastle Help File Builder\\ProductionTransforms\CreateVSToc.xsl&#39;.
Compilaci&#162;n del proyecto terminada &quot;C:\Actividades\Secure_Core_Project\ComponentesDeDatosDocumentation\Help\Working\GenerateIntermediateTOC.proj&quot; (destinos predeterminados).
Generating conceptual content intermediate TOC file...
    Last step completed in 00:00:00,8511
</buildStep>
<buildStep step="CreateBuildAssemblerConfigs">
Creating Sandcastle configuration files...
    sandcastle.config
    Last step completed in 00:00:00,0552
</buildStep>
<buildStep step="MergeCustomConfigs">
Merging custom build component configurations
C:\Actividades\Secure_Core_Project\ComponentesDeDatosDocumentation\Help\Working\sandcastle.config
  Updating reference topic configurations.
  Updating conceptual topic configurations.
    Removing unused ExampleComponent.
    Last step completed in 00:00:00,0020
</buildStep>
<buildStep step="BuildTopics">
Building help topics...
[C:\Program Files (x86)\Microsoft Visual Studio\2019\Community\MSBuild\Current\Bin\MSBuild.exe - BuildTopics.proj]
Compilaci&#162;n iniciada a las 09/12/2025 16:32:59.
Proyecto &quot;C:\Actividades\Secure_Core_Project\ComponentesDeDatosDocumentation\Help\Working\BuildTopics.proj&quot; en nodo 1 (destinos predeterminados).
BuildTopics:
  BuildAssembler (v2020.3.6.0)
  Copyright &#184; 2006-2020, Microsoft Corporation, All Rights Reserved.
  Portions Copyright &#184; 2006-2020, Eric Woodruff, All Rights Reserved.
  Loading configuration...
  ResolveReferenceLinksComponent: The member ID URL cache &#39;C:\Users\linmi\AppData\Local\EWSoftware\Sandcastle Help File Builder\Cache\MemberIdUrl.cache&#39; does not exist yet.  All IDs will be looked up in this build which will slow it down.
  Processing topics...
BuildAssembler : warning : ResolveReferenceLinksComponent: [T:ComponentesDeAcceso.BaseDeDades] Member ID URL resolver service failed.  No further look ups will be performed for this build. [C:\Actividades\Secure_Core_Project\ComponentesDeDatosDocumentation\Help\Working\BuildTopics.proj]
BuildAssembler : warning : Reason: Se ha terminado la conexi&#162;n: No se puede establecer una relaci&#162;n de confianza para el canal seguro SSL/TLS. [C:\Actividades\Secure_Core_Project\ComponentesDeDatosDocumentation\Help\Working\BuildTopics.proj]
BuildAssembler : warning : El certificado remoto no es v&#160;lido seg&#163;n el procedimiento de validaci&#162;n. [C:\Actividades\Secure_Core_Project\ComponentesDeDatosDocumentation\Help\Working\BuildTopics.proj]
  Processed 16 topic(s)
  1 warning(s)
  CopyFromIndexComponent: &quot;metadata&quot; in-memory cache entries used: 1 of 15.
  ResolveArtLinksComponent: Copying media files...
  CopyFromIndexComponent: &quot;reflection&quot; in-memory cache entries used: 4 of 15.
  CopyFromIndexComponent: &quot;comments&quot; in-memory cache entries used: 1 of 30.
Compilaci&#162;n del proyecto terminada &quot;C:\Actividades\Secure_Core_Project\ComponentesDeDatosDocumentation\Help\Working\BuildTopics.proj&quot; (destinos predeterminados).
    Last step completed in 00:00:05,3710
</buildStep>
<buildStep step="CombiningIntermediateTocFiles">
Combining conceptual and API intermediate TOC files...
    Last step completed in 00:00:00,0010
</buildStep>
<buildStep step="ExtractingHtmlInfo">
Extracting HTML info for HTML Help 1 and/or website...
[C:\Program Files (x86)\Microsoft Visual Studio\2019\Community\MSBuild\Current\Bin\MSBuild.exe - ExtractHtmlInfo.proj]
Sandcastle Help File Builder and Tools, version 2020.3.6.0
Copyright &#184; 2006-2020, Eric Woodruff, All Rights Reserved
E-Mail: Eric@EWoodruff.us

Using LCID &#39;1033&#39;, code page &#39;65001&#39;, encoding charset &#39;UTF-8&#39;.

Processing Help 1 files in C:\Actividades\Secure_Core_Project\ComponentesDeDatosDocumentation\Help\Working\Output\HtmlHelp1
Processed 16 HTML files
Sorting keywords and generating See Also indices
Saving HTML Help 1 keyword index to C:\Actividades\Secure_Core_Project\ComponentesDeDatosDocumentation\Help\Working\ComponentesDeDatosDocumentation.hhk
Saving HTML Help 1 table of contents to C:\Actividades\Secure_Core_Project\ComponentesDeDatosDocumentation\Help\Working\ComponentesDeDatosDocumentation.hhc
    Last step completed in 00:00:00,4637
</buildStep>
<buildStep step="CopyStandardHelpContent">
Copying standard help content...
C:\Program Files (x86)\EWSoftware\Sandcastle Help File Builder\PresentationStyles\VS2013\icons\AlertCaution.png -&gt; C:\Actividades\Secure_Core_Project\ComponentesDeDatosDocumentation\Help\Working\Output\HtmlHelp1\icons\AlertCaution.png
C:\Program Files (x86)\EWSoftware\Sandcastle Help File Builder\PresentationStyles\VS2013\icons\AlertNote.png -&gt; C:\Actividades\Secure_Core_Project\ComponentesDeDatosDocumentation\Help\Working\Output\HtmlHelp1\icons\AlertNote.png
C:\Program Files (x86)\EWSoftware\Sandcastle Help File Builder\PresentationStyles\VS2013\icons\AlertSecurity.png -&gt; C:\Actividades\Secure_Core_Project\ComponentesDeDatosDocumentation\Help\Working\Output\HtmlHelp1\icons\AlertSecurity.png
C:\Program Files (x86)\EWSoftware\Sandcastle Help File Builder\PresentationStyles\VS2013\icons\CFW.gif -&gt; C:\Actividades\Secure_Core_Project\ComponentesDeDatosDocumentation\Help\Working\Output\HtmlHelp1\icons\CFW.gif
C:\Program Files (x86)\EWSoftware\Sandcastle Help File Builder\PresentationStyles\VS2013\icons\CodeExample.png -&gt; C:\Actividades\Secure_Core_Project\ComponentesDeDatosDocumentation\Help\Working\Output\HtmlHelp1\icons\CodeExample.png
C:\Program Files (x86)\EWSoftware\Sandcastle Help File Builder\PresentationStyles\VS2013\icons\favicon.ico -&gt; C:\Actividades\Secure_Core_Project\ComponentesDeDatosDocumentation\Help\Working\Output\HtmlHelp1\icons\favicon.ico
C:\Program Files (x86)\EWSoftware\Sandcastle Help File Builder\PresentationStyles\VS2013\icons\privclass.gif -&gt; C:\Actividades\Secure_Core_Project\ComponentesDeDatosDocumentation\Help\Working\Output\HtmlHelp1\icons\privclass.gif
C:\Program Files (x86)\EWSoftware\Sandcastle Help File Builder\PresentationStyles\VS2013\icons\privdelegate.gif -&gt; C:\Actividades\Secure_Core_Project\ComponentesDeDatosDocumentation\Help\Working\Output\HtmlHelp1\icons\privdelegate.gif
C:\Program Files (x86)\EWSoftware\Sandcastle Help File Builder\PresentationStyles\VS2013\icons\privenumeration.gif -&gt; C:\Actividades\Secure_Core_Project\ComponentesDeDatosDocumentation\Help\Working\Output\HtmlHelp1\icons\privenumeration.gif
C:\Program Files (x86)\EWSoftware\Sandcastle Help File Builder\PresentationStyles\VS2013\icons\privevent.gif -&gt; C:\Actividades\Secure_Core_Project\ComponentesDeDatosDocumentation\Help\Working\Output\HtmlHelp1\icons\privevent.gif
C:\Program Files (x86)\EWSoftware\Sandcastle Help File Builder\PresentationStyles\VS2013\icons\privextension.gif -&gt; C:\Actividades\Secure_Core_Project\ComponentesDeDatosDocumentation\Help\Working\Output\HtmlHelp1\icons\privextension.gif
C:\Program Files (x86)\EWSoftware\Sandcastle Help File Builder\PresentationStyles\VS2013\icons\privfield.gif -&gt; C:\Actividades\Secure_Core_Project\ComponentesDeDatosDocumentation\Help\Working\Output\HtmlHelp1\icons\privfield.gif
C:\Program Files (x86)\EWSoftware\Sandcastle Help File Builder\PresentationStyles\VS2013\icons\privinterface.gif -&gt; C:\Actividades\Secure_Core_Project\ComponentesDeDatosDocumentation\Help\Working\Output\HtmlHelp1\icons\privinterface.gif
C:\Program Files (x86)\EWSoftware\Sandcastle Help File Builder\PresentationStyles\VS2013\icons\privmethod.gif -&gt; C:\Actividades\Secure_Core_Project\ComponentesDeDatosDocumentation\Help\Working\Output\HtmlHelp1\icons\privmethod.gif
C:\Program Files (x86)\EWSoftware\Sandcastle Help File Builder\PresentationStyles\VS2013\icons\privproperty.gif -&gt; C:\Actividades\Secure_Core_Project\ComponentesDeDatosDocumentation\Help\Working\Output\HtmlHelp1\icons\privproperty.gif
C:\Program Files (x86)\EWSoftware\Sandcastle Help File Builder\PresentationStyles\VS2013\icons\privstructure.gif -&gt; C:\Actividades\Secure_Core_Project\ComponentesDeDatosDocumentation\Help\Working\Output\HtmlHelp1\icons\privstructure.gif
C:\Program Files (x86)\EWSoftware\Sandcastle Help File Builder\PresentationStyles\VS2013\icons\protclass.gif -&gt; C:\Actividades\Secure_Core_Project\ComponentesDeDatosDocumentation\Help\Working\Output\HtmlHelp1\icons\protclass.gif
C:\Program Files (x86)\EWSoftware\Sandcastle Help File Builder\PresentationStyles\VS2013\icons\protdelegate.gif -&gt; C:\Actividades\Secure_Core_Project\ComponentesDeDatosDocumentation\Help\Working\Output\HtmlHelp1\icons\protdelegate.gif
C:\Program Files (x86)\EWSoftware\Sandcastle Help File Builder\PresentationStyles\VS2013\icons\protenumeration.gif -&gt; C:\Actividades\Secure_Core_Project\ComponentesDeDatosDocumentation\Help\Working\Output\HtmlHelp1\icons\protenumeration.gif
C:\Program Files (x86)\EWSoftware\Sandcastle Help File Builder\PresentationStyles\VS2013\icons\protevent.gif -&gt; C:\Actividades\Secure_Core_Project\ComponentesDeDatosDocumentation\Help\Working\Output\HtmlHelp1\icons\protevent.gif
C:\Program Files (x86)\EWSoftware\Sandcastle Help File Builder\PresentationStyles\VS2013\icons\protextension.gif -&gt; C:\Actividades\Secure_Core_Project\ComponentesDeDatosDocumentation\Help\Working\Output\HtmlHelp1\icons\protextension.gif
C:\Program Files (x86)\EWSoftware\Sandcastle Help File Builder\PresentationStyles\VS2013\icons\protfield.gif -&gt; C:\Actividades\Secure_Core_Project\ComponentesDeDatosDocumentation\Help\Working\Output\HtmlHelp1\icons\protfield.gif
C:\Program Files (x86)\EWSoftware\Sandcastle Help File Builder\PresentationStyles\VS2013\icons\protinterface.gif -&gt; C:\Actividades\Secure_Core_Project\ComponentesDeDatosDocumentation\Help\Working\Output\HtmlHelp1\icons\protinterface.gif
C:\Program Files (x86)\EWSoftware\Sandcastle Help File Builder\PresentationStyles\VS2013\icons\protmethod.gif -&gt; C:\Actividades\Secure_Core_Project\ComponentesDeDatosDocumentation\Help\Working\Output\HtmlHelp1\icons\protmethod.gif
C:\Program Files (x86)\EWSoftware\Sandcastle Help File Builder\PresentationStyles\VS2013\icons\protoperator.gif -&gt; C:\Actividades\Secure_Core_Project\ComponentesDeDatosDocumentation\Help\Working\Output\HtmlHelp1\icons\protoperator.gif
C:\Program Files (x86)\EWSoftware\Sandcastle Help File Builder\PresentationStyles\VS2013\icons\protproperty.gif -&gt; C:\Actividades\Secure_Core_Project\ComponentesDeDatosDocumentation\Help\Working\Output\HtmlHelp1\icons\protproperty.gif
C:\Program Files (x86)\EWSoftware\Sandcastle Help File Builder\PresentationStyles\VS2013\icons\protstructure.gif -&gt; C:\Actividades\Secure_Core_Project\ComponentesDeDatosDocumentation\Help\Working\Output\HtmlHelp1\icons\protstructure.gif
C:\Program Files (x86)\EWSoftware\Sandcastle Help File Builder\PresentationStyles\VS2013\icons\pubclass.gif -&gt; C:\Actividades\Secure_Core_Project\ComponentesDeDatosDocumentation\Help\Working\Output\HtmlHelp1\icons\pubclass.gif
C:\Program Files (x86)\EWSoftware\Sandcastle Help File Builder\PresentationStyles\VS2013\icons\pubdelegate.gif -&gt; C:\Actividades\Secure_Core_Project\ComponentesDeDatosDocumentation\Help\Working\Output\HtmlHelp1\icons\pubdelegate.gif
C:\Program Files (x86)\EWSoftware\Sandcastle Help File Builder\PresentationStyles\VS2013\icons\pubenumeration.gif -&gt; C:\Actividades\Secure_Core_Project\ComponentesDeDatosDocumentation\Help\Working\Output\HtmlHelp1\icons\pubenumeration.gif
C:\Program Files (x86)\EWSoftware\Sandcastle Help File Builder\PresentationStyles\VS2013\icons\pubevent.gif -&gt; C:\Actividades\Secure_Core_Project\ComponentesDeDatosDocumentation\Help\Working\Output\HtmlHelp1\icons\pubevent.gif
C:\Program Files (x86)\EWSoftware\Sandcastle Help File Builder\PresentationStyles\VS2013\icons\pubextension.gif -&gt; C:\Actividades\Secure_Core_Project\ComponentesDeDatosDocumentation\Help\Working\Output\HtmlHelp1\icons\pubextension.gif
C:\Program Files (x86)\EWSoftware\Sandcastle Help File Builder\PresentationStyles\VS2013\icons\pubfield.gif -&gt; C:\Actividades\Secure_Core_Project\ComponentesDeDatosDocumentation\Help\Working\Output\HtmlHelp1\icons\pubfield.gif
C:\Program Files (x86)\EWSoftware\Sandcastle Help File Builder\PresentationStyles\VS2013\icons\pubinterface.gif -&gt; C:\Actividades\Secure_Core_Project\ComponentesDeDatosDocumentation\Help\Working\Output\HtmlHelp1\icons\pubinterface.gif
C:\Program Files (x86)\EWSoftware\Sandcastle Help File Builder\PresentationStyles\VS2013\icons\pubmethod.gif -&gt; C:\Actividades\Secure_Core_Project\ComponentesDeDatosDocumentation\Help\Working\Output\HtmlHelp1\icons\pubmethod.gif
C:\Program Files (x86)\EWSoftware\Sandcastle Help File Builder\PresentationStyles\VS2013\icons\puboperator.gif -&gt; C:\Actividades\Secure_Core_Project\ComponentesDeDatosDocumentation\Help\Working\Output\HtmlHelp1\icons\puboperator.gif
C:\Program Files (x86)\EWSoftware\Sandcastle Help File Builder\PresentationStyles\VS2013\icons\pubproperty.gif -&gt; C:\Actividades\Secure_Core_Project\ComponentesDeDatosDocumentation\Help\Working\Output\HtmlHelp1\icons\pubproperty.gif
C:\Program Files (x86)\EWSoftware\Sandcastle Help File Builder\PresentationStyles\VS2013\icons\pubstructure.gif -&gt; C:\Actividades\Secure_Core_Project\ComponentesDeDatosDocumentation\Help\Working\Output\HtmlHelp1\icons\pubstructure.gif
C:\Program Files (x86)\EWSoftware\Sandcastle Help File Builder\PresentationStyles\VS2013\icons\SectionCollapsed.png -&gt; C:\Actividades\Secure_Core_Project\ComponentesDeDatosDocumentation\Help\Working\Output\HtmlHelp1\icons\SectionCollapsed.png
C:\Program Files (x86)\EWSoftware\Sandcastle Help File Builder\PresentationStyles\VS2013\icons\SectionExpanded.png -&gt; C:\Actividades\Secure_Core_Project\ComponentesDeDatosDocumentation\Help\Working\Output\HtmlHelp1\icons\SectionExpanded.png
C:\Program Files (x86)\EWSoftware\Sandcastle Help File Builder\PresentationStyles\VS2013\icons\slMobile.gif -&gt; C:\Actividades\Secure_Core_Project\ComponentesDeDatosDocumentation\Help\Working\Output\HtmlHelp1\icons\slMobile.gif
C:\Program Files (x86)\EWSoftware\Sandcastle Help File Builder\PresentationStyles\VS2013\icons\static.gif -&gt; C:\Actividades\Secure_Core_Project\ComponentesDeDatosDocumentation\Help\Working\Output\HtmlHelp1\icons\static.gif
C:\Program Files (x86)\EWSoftware\Sandcastle Help File Builder\PresentationStyles\VS2013\icons\xna.gif -&gt; C:\Actividades\Secure_Core_Project\ComponentesDeDatosDocumentation\Help\Working\Output\HtmlHelp1\icons\xna.gif
C:\Program Files (x86)\EWSoftware\Sandcastle Help File Builder\PresentationStyles\VS2013\scripts\branding.js -&gt; C:\Actividades\Secure_Core_Project\ComponentesDeDatosDocumentation\Help\Working\Output\HtmlHelp1\scripts\branding.js
C:\Program Files (x86)\EWSoftware\Sandcastle Help File Builder\PresentationStyles\VS2013\styles\branding-cs-CZ.css -&gt; C:\Actividades\Secure_Core_Project\ComponentesDeDatosDocumentation\Help\Working\Output\HtmlHelp1\styles\branding-cs-CZ.css
C:\Program Files (x86)\EWSoftware\Sandcastle Help File Builder\PresentationStyles\VS2013\styles\branding-de-DE.css -&gt; C:\Actividades\Secure_Core_Project\ComponentesDeDatosDocumentation\Help\Working\Output\HtmlHelp1\styles\branding-de-DE.css
C:\Program Files (x86)\EWSoftware\Sandcastle Help File Builder\PresentationStyles\VS2013\styles\branding-en-US.css -&gt; C:\Actividades\Secure_Core_Project\ComponentesDeDatosDocumentation\Help\Working\Output\HtmlHelp1\styles\branding-en-US.css
C:\Program Files (x86)\EWSoftware\Sandcastle Help File Builder\PresentationStyles\VS2013\styles\branding-es-ES.css -&gt; C:\Actividades\Secure_Core_Project\ComponentesDeDatosDocumentation\Help\Working\Output\HtmlHelp1\styles\branding-es-ES.css
C:\Program Files (x86)\EWSoftware\Sandcastle Help File Builder\PresentationStyles\VS2013\styles\branding-fr-FR.css -&gt; C:\Actividades\Secure_Core_Project\ComponentesDeDatosDocumentation\Help\Working\Output\HtmlHelp1\styles\branding-fr-FR.css
C:\Program Files (x86)\EWSoftware\Sandcastle Help File Builder\PresentationStyles\VS2013\styles\branding-Help1.css -&gt; C:\Actividades\Secure_Core_Project\ComponentesDeDatosDocumentation\Help\Working\Output\HtmlHelp1\styles\branding-Help1.css
C:\Program Files (x86)\EWSoftware\Sandcastle Help File Builder\PresentationStyles\VS2013\styles\branding-HelpViewer.css -&gt; C:\Actividades\Secure_Core_Project\ComponentesDeDatosDocumentation\Help\Working\Output\HtmlHelp1\styles\branding-HelpViewer.css
C:\Program Files (x86)\EWSoftware\Sandcastle Help File Builder\PresentationStyles\VS2013\styles\branding-it-IT.css -&gt; C:\Actividades\Secure_Core_Project\ComponentesDeDatosDocumentation\Help\Working\Output\HtmlHelp1\styles\branding-it-IT.css
C:\Program Files (x86)\EWSoftware\Sandcastle Help File Builder\PresentationStyles\VS2013\styles\branding-ja-JP.css -&gt; C:\Actividades\Secure_Core_Project\ComponentesDeDatosDocumentation\Help\Working\Output\HtmlHelp1\styles\branding-ja-JP.css
C:\Program Files (x86)\EWSoftware\Sandcastle Help File Builder\PresentationStyles\VS2013\styles\branding-ko-KR.css -&gt; C:\Actividades\Secure_Core_Project\ComponentesDeDatosDocumentation\Help\Working\Output\HtmlHelp1\styles\branding-ko-KR.css
C:\Program Files (x86)\EWSoftware\Sandcastle Help File Builder\PresentationStyles\VS2013\styles\branding-pl-PL.css -&gt; C:\Actividades\Secure_Core_Project\ComponentesDeDatosDocumentation\Help\Working\Output\HtmlHelp1\styles\branding-pl-PL.css
C:\Program Files (x86)\EWSoftware\Sandcastle Help File Builder\PresentationStyles\VS2013\styles\branding-pt-BR.css -&gt; C:\Actividades\Secure_Core_Project\ComponentesDeDatosDocumentation\Help\Working\Output\HtmlHelp1\styles\branding-pt-BR.css
C:\Program Files (x86)\EWSoftware\Sandcastle Help File Builder\PresentationStyles\VS2013\styles\branding-ru-RU.css -&gt; C:\Actividades\Secure_Core_Project\ComponentesDeDatosDocumentation\Help\Working\Output\HtmlHelp1\styles\branding-ru-RU.css
C:\Program Files (x86)\EWSoftware\Sandcastle Help File Builder\PresentationStyles\VS2013\styles\branding-tr-TR.css -&gt; C:\Actividades\Secure_Core_Project\ComponentesDeDatosDocumentation\Help\Working\Output\HtmlHelp1\styles\branding-tr-TR.css
C:\Program Files (x86)\EWSoftware\Sandcastle Help File Builder\PresentationStyles\VS2013\styles\branding-Website.css -&gt; C:\Actividades\Secure_Core_Project\ComponentesDeDatosDocumentation\Help\Working\Output\HtmlHelp1\styles\branding-Website.css
C:\Program Files (x86)\EWSoftware\Sandcastle Help File Builder\PresentationStyles\VS2013\styles\branding-zh-CN.css -&gt; C:\Actividades\Secure_Core_Project\ComponentesDeDatosDocumentation\Help\Working\Output\HtmlHelp1\styles\branding-zh-CN.css
C:\Program Files (x86)\EWSoftware\Sandcastle Help File Builder\PresentationStyles\VS2013\styles\branding-zh-TW.css -&gt; C:\Actividades\Secure_Core_Project\ComponentesDeDatosDocumentation\Help\Working\Output\HtmlHelp1\styles\branding-zh-TW.css
C:\Program Files (x86)\EWSoftware\Sandcastle Help File Builder\PresentationStyles\VS2013\styles\branding.css -&gt; C:\Actividades\Secure_Core_Project\ComponentesDeDatosDocumentation\Help\Working\Output\HtmlHelp1\styles\branding.css
    Last step completed in 00:00:00,3073
</buildStep>
<buildStep step="GenerateHelpFormatTableOfContents">
Generating HTML Help 1 table of contents file...
    Last step completed in 00:00:00,0010
</buildStep>
<buildStep step="GenerateHelpFileIndex">
Generating HTML Help 1 index file...
    Last step completed in 00:00:00,0000
</buildStep>
<buildStep step="GenerateHelpProject">
Generating HTML Help 1 project file...
    Last step completed in 00:00:00,0030
</buildStep>
<buildStep step="CompilingHelpFile">
Compiling HTML Help 1 file...
[C:\Program Files (x86)\Microsoft Visual Studio\2019\Community\MSBuild\Current\Bin\MSBuild.exe - Build1xHelpFile.proj]
  Microsoft HTML Help Compiler 4.74.8702
  
  
  
  Compiling c:\Actividades\Secure_Core_Project\ComponentesDeDatosDocumentation\Help\Working\Output\HtmlHelp1\ComponentesDeDatosDocumentation.chm
  
  
  
  
  
  Compile time: 0 minutes, 1 second
  
  18	Topics
  
  138	Local links
  
  0	Internet links
  
  0	Graphics
  
  
  
  
  
  Created c:\Actividades\Secure_Core_Project\ComponentesDeDatosDocumentation\Help\Working\Output\HtmlHelp1\ComponentesDeDatosDocumentation.chm, 73,279 bytes
  
  Compression decreased file by 150,868 bytes.
  
    Last step completed in 00:00:01,8983
</buildStep>
<buildStep step="CleanIntermediates">
Removing intermediate files...
    Last step completed in 00:00:00,0164
</buildStep>
<buildStep step="Completed">

Build completed successfully at 09/12/2025 16:33:07.  Total time: 00:00:13,2780

</buildStep>
</shfbBuild>
